{"/Users/dickydmg/Documents/Sidespace/simple-react-app/src/actions/entities.jsx": {"path":"/Users/dickydmg/Documents/Sidespace/simple-react-app/src/actions/entities.jsx","statementMap":{"0":{"start":{"line":2,"column":11},"end":{"line":2,"column":42}},"1":{"start":{"line":3,"column":0},"end":{"line":3,"column":51}},"2":{"start":{"line":5,"column":23},"end":{"line":36,"column":1}},"3":{"start":{"line":6,"column":14},"end":{"line":6,"column":30}},"4":{"start":{"line":7,"column":15},"end":{"line":7,"column":17}},"5":{"start":{"line":8,"column":12},"end":{"line":8,"column":14}},"6":{"start":{"line":10,"column":4},"end":{"line":10,"column":51}},"7":{"start":{"line":11,"column":4},"end":{"line":33,"column":5}},"8":{"start":{"line":12,"column":8},"end":{"line":32,"column":9}},"9":{"start":{"line":13,"column":12},"end":{"line":31,"column":13}},"10":{"start":{"line":14,"column":16},"end":{"line":22,"column":17}},"11":{"start":{"line":15,"column":31},"end":{"line":15,"column":41}},"12":{"start":{"line":16,"column":34},"end":{"line":16,"column":64}},"13":{"start":{"line":17,"column":20},"end":{"line":20,"column":21}},"14":{"start":{"line":21,"column":20},"end":{"line":21,"column":36}},"15":{"start":{"line":24,"column":27},"end":{"line":24,"column":37}},"16":{"start":{"line":25,"column":30},"end":{"line":25,"column":60}},"17":{"start":{"line":26,"column":16},"end":{"line":29,"column":17}},"18":{"start":{"line":30,"column":16},"end":{"line":30,"column":32}},"19":{"start":{"line":35,"column":4},"end":{"line":35,"column":18}},"20":{"start":{"line":40,"column":20},"end":{"line":64,"column":1}},"21":{"start":{"line":41,"column":4},"end":{"line":41,"column":51}},"22":{"start":{"line":43,"column":4},"end":{"line":59,"column":5}},"23":{"start":{"line":44,"column":8},"end":{"line":58,"column":9}},"24":{"start":{"line":45,"column":12},"end":{"line":57,"column":13}},"25":{"start":{"line":46,"column":16},"end":{"line":56,"column":17}},"26":{"start":{"line":47,"column":20},"end":{"line":53,"column":21}},"27":{"start":{"line":48,"column":24},"end":{"line":52,"column":25}},"28":{"start":{"line":49,"column":28},"end":{"line":51,"column":29}},"29":{"start":{"line":50,"column":32},"end":{"line":50,"column":53}},"30":{"start":{"line":55,"column":20},"end":{"line":55,"column":60}},"31":{"start":{"line":61,"column":4},"end":{"line":61,"column":55}},"32":{"start":{"line":63,"column":4},"end":{"line":63,"column":16}},"33":{"start":{"line":66,"column":25},"end":{"line":86,"column":1}},"34":{"start":{"line":67,"column":17},"end":{"line":67,"column":19}},"35":{"start":{"line":68,"column":12},"end":{"line":68,"column":14}},"36":{"start":{"line":69,"column":4},"end":{"line":69,"column":51}},"37":{"start":{"line":71,"column":4},"end":{"line":83,"column":6}},"38":{"start":{"line":72,"column":8},"end":{"line":72,"column":23}},"39":{"start":{"line":73,"column":8},"end":{"line":77,"column":10}},"40":{"start":{"line":74,"column":12},"end":{"line":76,"column":13}},"41":{"start":{"line":75,"column":16},"end":{"line":75,"column":32}},"42":{"start":{"line":78,"column":8},"end":{"line":81,"column":9}},"43":{"start":{"line":82,"column":8},"end":{"line":82,"column":25}},"44":{"start":{"line":85,"column":4},"end":{"line":85,"column":18}},"45":{"start":{"line":88,"column":18},"end":{"line":99,"column":1}},"46":{"start":{"line":89,"column":17},"end":{"line":89,"column":22}},"47":{"start":{"line":90,"column":4},"end":{"line":96,"column":5}},"48":{"start":{"line":91,"column":8},"end":{"line":95,"column":9}},"49":{"start":{"line":92,"column":12},"end":{"line":94,"column":13}},"50":{"start":{"line":93,"column":16},"end":{"line":93,"column":29}},"51":{"start":{"line":98,"column":4},"end":{"line":98,"column":18}}},"fnMap":{"0":{"name":"(anonymous_0)","decl":{"start":{"line":5,"column":23},"end":{"line":5,"column":24}},"loc":{"start":{"line":5,"column":40},"end":{"line":36,"column":1}},"line":5},"1":{"name":"(anonymous_1)","decl":{"start":{"line":40,"column":20},"end":{"line":40,"column":21}},"loc":{"start":{"line":40,"column":44},"end":{"line":64,"column":1}},"line":40},"2":{"name":"(anonymous_2)","decl":{"start":{"line":66,"column":25},"end":{"line":66,"column":26}},"loc":{"start":{"line":66,"column":31},"end":{"line":86,"column":1}},"line":66},"3":{"name":"(anonymous_3)","decl":{"start":{"line":71,"column":20},"end":{"line":71,"column":21}},"loc":{"start":{"line":71,"column":28},"end":{"line":83,"column":5}},"line":71},"4":{"name":"(anonymous_4)","decl":{"start":{"line":73,"column":23},"end":{"line":73,"column":24}},"loc":{"start":{"line":73,"column":31},"end":{"line":77,"column":9}},"line":73},"5":{"name":"(anonymous_5)","decl":{"start":{"line":88,"column":18},"end":{"line":88,"column":19}},"loc":{"start":{"line":88,"column":35},"end":{"line":99,"column":1}},"line":88}},"branchMap":{"0":{"loc":{"start":{"line":13,"column":12},"end":{"line":31,"column":13}},"type":"if","locations":[{"start":{"line":13,"column":12},"end":{"line":31,"column":13}},{"start":{"line":13,"column":12},"end":{"line":31,"column":13}}],"line":13},"1":{"loc":{"start":{"line":14,"column":16},"end":{"line":22,"column":17}},"type":"if","locations":[{"start":{"line":14,"column":16},"end":{"line":22,"column":17}},{"start":{"line":14,"column":16},"end":{"line":22,"column":17}}],"line":14},"2":{"loc":{"start":{"line":45,"column":12},"end":{"line":57,"column":13}},"type":"if","locations":[{"start":{"line":45,"column":12},"end":{"line":57,"column":13}},{"start":{"line":45,"column":12},"end":{"line":57,"column":13}}],"line":45},"3":{"loc":{"start":{"line":46,"column":16},"end":{"line":56,"column":17}},"type":"if","locations":[{"start":{"line":46,"column":16},"end":{"line":56,"column":17}},{"start":{"line":46,"column":16},"end":{"line":56,"column":17}}],"line":46},"4":{"loc":{"start":{"line":48,"column":24},"end":{"line":52,"column":25}},"type":"if","locations":[{"start":{"line":48,"column":24},"end":{"line":52,"column":25}},{"start":{"line":48,"column":24},"end":{"line":52,"column":25}}],"line":48},"5":{"loc":{"start":{"line":49,"column":28},"end":{"line":51,"column":29}},"type":"if","locations":[{"start":{"line":49,"column":28},"end":{"line":51,"column":29}},{"start":{"line":49,"column":28},"end":{"line":51,"column":29}}],"line":49},"6":{"loc":{"start":{"line":74,"column":12},"end":{"line":76,"column":13}},"type":"if","locations":[{"start":{"line":74,"column":12},"end":{"line":76,"column":13}},{"start":{"line":74,"column":12},"end":{"line":76,"column":13}}],"line":74},"7":{"loc":{"start":{"line":91,"column":8},"end":{"line":95,"column":9}},"type":"if","locations":[{"start":{"line":91,"column":8},"end":{"line":95,"column":9}},{"start":{"line":91,"column":8},"end":{"line":95,"column":9}}],"line":91},"8":{"loc":{"start":{"line":92,"column":12},"end":{"line":94,"column":13}},"type":"if","locations":[{"start":{"line":92,"column":12},"end":{"line":94,"column":13}},{"start":{"line":92,"column":12},"end":{"line":94,"column":13}}],"line":92}},"s":{"0":1,"1":1,"2":1,"3":1,"4":1,"5":1,"6":1,"7":1,"8":1,"9":4,"10":0,"11":0,"12":0,"13":0,"14":0,"15":4,"16":4,"17":4,"18":4,"19":1,"20":1,"21":2,"22":2,"23":2,"24":8,"25":2,"26":1,"27":4,"28":4,"29":2,"30":1,"31":2,"32":2,"33":1,"34":1,"35":1,"36":1,"37":1,"38":4,"39":4,"40":11,"41":9,"42":4,"43":4,"44":1,"45":1,"46":4,"47":4,"48":10,"49":10,"50":3,"51":4},"f":{"0":1,"1":2,"2":1,"3":4,"4":11,"5":4},"b":{"0":[0,4],"1":[0,0],"2":[2,6],"3":[1,1],"4":[4,0],"5":[2,2],"6":[9,2],"7":[10,0],"8":[3,7]},"_coverageSchema":"332fd63041d2c1bcb487cc26dd0d5f7d97098a6c","hash":"f5b01af8cefc9a3c67dd541c5c2042b6854134e9"}
,"/Users/dickydmg/Documents/Sidespace/simple-react-app/src/actions/login.jsx": {"path":"/Users/dickydmg/Documents/Sidespace/simple-react-app/src/actions/login.jsx","statementMap":{"0":{"start":{"line":2,"column":16},"end":{"line":2,"column":49}},"1":{"start":{"line":4,"column":25},"end":{"line":22,"column":1}},"2":{"start":{"line":5,"column":19},"end":{"line":5,"column":35}},"3":{"start":{"line":6,"column":17},"end":{"line":6,"column":30}},"4":{"start":{"line":7,"column":17},"end":{"line":7,"column":30}},"5":{"start":{"line":8,"column":13},"end":{"line":8,"column":22}},"6":{"start":{"line":10,"column":4},"end":{"line":20,"column":5}},"7":{"start":{"line":11,"column":8},"end":{"line":19,"column":9}},"8":{"start":{"line":12,"column":12},"end":{"line":12,"column":58}},"9":{"start":{"line":13,"column":12},"end":{"line":13,"column":57}},"10":{"start":{"line":14,"column":12},"end":{"line":14,"column":49}},"11":{"start":{"line":16,"column":12},"end":{"line":16,"column":23}},"12":{"start":{"line":18,"column":12},"end":{"line":18,"column":23}},"13":{"start":{"line":24,"column":26},"end":{"line":30,"column":1}},"14":{"start":{"line":25,"column":4},"end":{"line":25,"column":35}},"15":{"start":{"line":26,"column":4},"end":{"line":26,"column":41}},"16":{"start":{"line":27,"column":4},"end":{"line":27,"column":37}},"17":{"start":{"line":29,"column":4},"end":{"line":29,"column":15}}},"fnMap":{"0":{"name":"(anonymous_0)","decl":{"start":{"line":4,"column":25},"end":{"line":4,"column":26}},"loc":{"start":{"line":4,"column":35},"end":{"line":22,"column":1}},"line":4},"1":{"name":"(anonymous_1)","decl":{"start":{"line":24,"column":26},"end":{"line":24,"column":27}},"loc":{"start":{"line":24,"column":32},"end":{"line":30,"column":1}},"line":24}},"branchMap":{"0":{"loc":{"start":{"line":11,"column":8},"end":{"line":19,"column":9}},"type":"if","locations":[{"start":{"line":11,"column":8},"end":{"line":19,"column":9}},{"start":{"line":11,"column":8},"end":{"line":19,"column":9}}],"line":11},"1":{"loc":{"start":{"line":11,"column":12},"end":{"line":11,"column":87}},"type":"binary-expr","locations":[{"start":{"line":11,"column":12},"end":{"line":11,"column":37}},{"start":{"line":11,"column":41},"end":{"line":11,"column":66}},{"start":{"line":11,"column":70},"end":{"line":11,"column":87}}],"line":11}},"s":{"0":1,"1":1,"2":1,"3":1,"4":1,"5":1,"6":1,"7":1,"8":1,"9":1,"10":1,"11":1,"12":0,"13":1,"14":1,"15":1,"16":1,"17":1},"f":{"0":1,"1":1},"b":{"0":[1,0],"1":[1,1,1]},"_coverageSchema":"332fd63041d2c1bcb487cc26dd0d5f7d97098a6c","hash":"6a3f97e62ade6dc412c007909dd8f83f3b1b484e"}
,"/Users/dickydmg/Documents/Sidespace/simple-react-app/src/tests/setup.js": {"path":"/Users/dickydmg/Documents/Sidespace/simple-react-app/src/tests/setup.js","statementMap":{"0":{"start":{"line":4,"column":0},"end":{"line":4,"column":38}},"1":{"start":{"line":8,"column":8},"end":{"line":8,"column":24}},"2":{"start":{"line":12,"column":8},"end":{"line":12,"column":24}},"3":{"start":{"line":16,"column":8},"end":{"line":16,"column":39}},"4":{"start":{"line":20,"column":8},"end":{"line":20,"column":43}},"5":{"start":{"line":24,"column":8},"end":{"line":24,"column":31}},"6":{"start":{"line":28,"column":0},"end":{"line":28,"column":43}}},"fnMap":{"0":{"name":"(anonymous_0)","decl":{"start":{"line":7,"column":4},"end":{"line":7,"column":5}},"loc":{"start":{"line":7,"column":18},"end":{"line":9,"column":5}},"line":7},"1":{"name":"(anonymous_1)","decl":{"start":{"line":11,"column":4},"end":{"line":11,"column":5}},"loc":{"start":{"line":11,"column":12},"end":{"line":13,"column":5}},"line":11},"2":{"name":"(anonymous_2)","decl":{"start":{"line":15,"column":4},"end":{"line":15,"column":5}},"loc":{"start":{"line":15,"column":17},"end":{"line":17,"column":5}},"line":15},"3":{"name":"(anonymous_3)","decl":{"start":{"line":19,"column":4},"end":{"line":19,"column":5}},"loc":{"start":{"line":19,"column":24},"end":{"line":21,"column":5}},"line":19},"4":{"name":"(anonymous_4)","decl":{"start":{"line":23,"column":4},"end":{"line":23,"column":5}},"loc":{"start":{"line":23,"column":20},"end":{"line":25,"column":5}},"line":23}},"branchMap":{"0":{"loc":{"start":{"line":16,"column":15},"end":{"line":16,"column":38}},"type":"binary-expr","locations":[{"start":{"line":16,"column":15},"end":{"line":16,"column":30}},{"start":{"line":16,"column":34},"end":{"line":16,"column":38}}],"line":16}},"s":{"0":2,"1":2,"2":0,"3":0,"4":0,"5":0,"6":2},"f":{"0":2,"1":0,"2":0,"3":0,"4":0},"b":{"0":[0,0]},"_coverageSchema":"332fd63041d2c1bcb487cc26dd0d5f7d97098a6c","hash":"d381ee46608d12ea778deb9b0134e830b7e268eb"}
}
