TN:
SF:/Users/dickydmg/Documents/Sidespace/simple-react-app/src/actions/entities.jsx
FN:5,(anonymous_0)
FN:40,(anonymous_1)
FN:66,(anonymous_2)
FN:71,(anonymous_3)
FN:73,(anonymous_4)
FN:88,(anonymous_5)
FNF:6
FNH:6
FNDA:1,(anonymous_0)
FNDA:2,(anonymous_1)
FNDA:1,(anonymous_2)
FNDA:4,(anonymous_3)
FNDA:11,(anonymous_4)
FNDA:4,(anonymous_5)
DA:2,1
DA:3,1
DA:5,1
DA:6,1
DA:7,1
DA:8,1
DA:10,1
DA:11,1
DA:12,1
DA:13,4
DA:14,0
DA:15,0
DA:16,0
DA:17,0
DA:21,0
DA:24,4
DA:25,4
DA:26,4
DA:30,4
DA:35,1
DA:40,1
DA:41,2
DA:43,2
DA:44,2
DA:45,8
DA:46,2
DA:47,1
DA:48,4
DA:49,4
DA:50,2
DA:55,1
DA:61,2
DA:63,2
DA:66,1
DA:67,1
DA:68,1
DA:69,1
DA:71,1
DA:72,4
DA:73,4
DA:74,11
DA:75,9
DA:78,4
DA:82,4
DA:85,1
DA:88,1
DA:89,4
DA:90,4
DA:91,10
DA:92,10
DA:93,3
DA:98,4
LF:52
LH:47
BRDA:13,0,0,0
BRDA:13,0,1,4
BRDA:14,1,0,0
BRDA:14,1,1,0
BRDA:45,2,0,2
BRDA:45,2,1,6
BRDA:46,3,0,1
BRDA:46,3,1,1
BRDA:48,4,0,4
BRDA:48,4,1,0
BRDA:49,5,0,2
BRDA:49,5,1,2
BRDA:74,6,0,9
BRDA:74,6,1,2
BRDA:91,7,0,10
BRDA:91,7,1,0
BRDA:92,8,0,3
BRDA:92,8,1,7
BRF:18
BRH:13
end_of_record
TN:
SF:/Users/dickydmg/Documents/Sidespace/simple-react-app/src/actions/login.jsx
FN:4,(anonymous_0)
FN:24,(anonymous_1)
FNF:2
FNH:2
FNDA:1,(anonymous_0)
FNDA:1,(anonymous_1)
DA:2,1
DA:4,1
DA:5,1
DA:6,1
DA:7,1
DA:8,1
DA:10,1
DA:11,1
DA:12,1
DA:13,1
DA:14,1
DA:16,1
DA:18,0
DA:24,1
DA:25,1
DA:26,1
DA:27,1
DA:29,1
LF:18
LH:17
BRDA:11,0,0,1
BRDA:11,0,1,0
BRDA:11,1,0,1
BRDA:11,1,1,1
BRDA:11,1,2,1
BRF:5
BRH:4
end_of_record
TN:
SF:/Users/dickydmg/Documents/Sidespace/simple-react-app/src/tests/setup.js
FN:7,(anonymous_0)
FN:11,(anonymous_1)
FN:15,(anonymous_2)
FN:19,(anonymous_3)
FN:23,(anonymous_4)
FNF:5
FNH:1
FNDA:2,(anonymous_0)
FNDA:0,(anonymous_1)
FNDA:0,(anonymous_2)
FNDA:0,(anonymous_3)
FNDA:0,(anonymous_4)
DA:4,2
DA:8,2
DA:12,0
DA:16,0
DA:20,0
DA:24,0
DA:28,2
LF:7
LH:3
BRDA:16,0,0,0
BRDA:16,0,1,0
BRF:2
BRH:0
end_of_record
